<?xml version="1.0" encoding="UTF-8"?>
<!-- Generated by org.testng.reporters.JUnitReportReporter -->
<testsuite hostname="Akkis-MBP" failures="0" tests="5" name="TestCases.TC_01Getuser" time="6.939" errors="0" timestamp="2021-09-29T01:07:48 IST" skipped="0">
  <testcase classname="TestCases.TC_01Getuser" name="testAllUser" time="3.789"/>
  <system-out/>
  <testcase classname="TestCases.TC_01Getuser" name="testCreateUser" time="1.117"/>
  <system-out/>
  <testcase classname="TestCases.TC_01Getuser" name="testGetById" time="0.966"/>
  <system-out/>
  <testcase classname="TestCases.TC_01Getuser" name="testUpdateUser" time="0.591"/>
  <system-out/>
  <testcase classname="TestCases.TC_01Getuser" name="testDeleteUser" time="0.476"/>
  <system-out/>
</testsuite> <!-- TestCases.TC_01Getuser -->
